<?xml version="1.0" encoding="UTF-8"?>
<robot generator="Rebot 3.1.2 (Python 3.7.6 on win32)" generated="20200315 13:43:43.282" rpa="false">
<suite id="s1" name="Suites">
<suite id="s1-s1" name="Suite1" source="C:\Users\fitim\IdeaProjects\PythonProject\.idea\com\python\pabot\Suite1.robot">
<test id="s1-s1-t1" name="suite1_open_web_page_successfully">
<kw name="Open Browser" library="SeleniumLibrary">
<doc>Opens a new browser instance to the optional ``url``.</doc>
<arguments>
<arg>http://www.fast.com</arg>
<arg>chrome</arg>
</arguments>
<msg timestamp="20200315 13:42:52.147" level="INFO">Opening browser 'chrome' to base url 'http://www.fast.com'.</msg>
<status status="PASS" starttime="20200315 13:42:52.145" endtime="20200315 13:43:13.639"></status>
</kw>
<kw name="Sleep" library="BuiltIn">
<doc>Pauses the test executed for the given time.</doc>
<arguments>
<arg>10</arg>
</arguments>
<msg timestamp="20200315 13:43:23.643" level="INFO">Slept 10 seconds</msg>
<status status="PASS" starttime="20200315 13:43:13.639" endtime="20200315 13:43:23.650"></status>
</kw>
<kw name="Capture Page Screenshot" library="SeleniumLibrary">
<doc>Takes a screenshot of the current page and embeds it into a log file.</doc>
<msg timestamp="20200315 13:43:26.871" level="INFO" html="yes">&lt;/td&gt;&lt;/tr&gt;&lt;tr&gt;&lt;td colspan="3"&gt;&lt;a href="Suites.Suite1-selenium-screenshot-1.png"&gt;&lt;img src="Suites.Suite1-selenium-screenshot-1.png" width="800px"&gt;&lt;/a&gt;</msg>
<status status="PASS" starttime="20200315 13:43:23.650" endtime="20200315 13:43:26.871"></status>
</kw>
<kw name="Close Browser" library="SeleniumLibrary">
<doc>Closes the current browser.</doc>
<status status="PASS" starttime="20200315 13:43:26.872" endtime="20200315 13:43:39.673"></status>
</kw>
<status status="PASS" starttime="20200315 13:42:52.143" endtime="20200315 13:43:39.673" critical="yes"></status>
</test>
<status status="PASS" starttime="20200315 13:42:51.522" endtime="20200315 13:43:39.675"></status>
</suite>
<suite id="s1-s2" name="Suite2" source="C:\Users\fitim\IdeaProjects\PythonProject\.idea\com\python\pabot\Suite2.robot">
<test id="s1-s2-t1" name="Check the speed of your broadband">
<kw name="Open Browser" library="SeleniumLibrary">
<doc>Opens a new browser instance to the optional ``url``.</doc>
<arguments>
<arg>http://www.fast.com</arg>
<arg>chrome</arg>
</arguments>
<msg timestamp="20200315 13:42:51.760" level="INFO">Opening browser 'chrome' to base url 'http://www.fast.com'.</msg>
<status status="PASS" starttime="20200315 13:42:51.760" endtime="20200315 13:43:03.821"></status>
</kw>
<kw name="Sleep" library="BuiltIn">
<doc>Pauses the test executed for the given time.</doc>
<arguments>
<arg>10</arg>
</arguments>
<msg timestamp="20200315 13:43:13.849" level="INFO">Slept 10 seconds</msg>
<status status="PASS" starttime="20200315 13:43:03.822" endtime="20200315 13:43:13.850"></status>
</kw>
<kw name="Click Element" library="SeleniumLibrary">
<doc>Click the element identified by ``locator``.</doc>
<arguments>
<arg>id=speed-progress-indicator-icon</arg>
</arguments>
<msg timestamp="20200315 13:43:13.850" level="INFO">Clicking element 'id=speed-progress-indicator-icon'.</msg>
<status status="PASS" starttime="20200315 13:43:13.850" endtime="20200315 13:43:21.810"></status>
</kw>
<kw name="Sleep" library="BuiltIn">
<doc>Pauses the test executed for the given time.</doc>
<arguments>
<arg>10</arg>
</arguments>
<msg timestamp="20200315 13:43:31.812" level="INFO">Slept 10 seconds</msg>
<status status="PASS" starttime="20200315 13:43:21.811" endtime="20200315 13:43:31.812"></status>
</kw>
<kw name="Get Text" library="SeleniumLibrary">
<doc>Returns the text value of the element identified by ``locator``.</doc>
<arguments>
<arg>id=speed-value</arg>
</arguments>
<assign>
<var>${speed}</var>
</assign>
<msg timestamp="20200315 13:43:33.694" level="INFO">${speed} = 3.1</msg>
<status status="PASS" starttime="20200315 13:43:31.813" endtime="20200315 13:43:33.694"></status>
</kw>
<kw name="Close Browser" library="SeleniumLibrary">
<doc>Closes the current browser.</doc>
<status status="PASS" starttime="20200315 13:43:33.695" endtime="20200315 13:43:39.497"></status>
</kw>
<status status="PASS" starttime="20200315 13:42:51.759" endtime="20200315 13:43:39.498" critical="yes"></status>
</test>
<status status="PASS" starttime="20200315 13:42:51.105" endtime="20200315 13:43:39.500"></status>
</suite>
<suite id="s1-s3" name="Suite3" source="C:\Users\fitim\IdeaProjects\PythonProject\.idea\com\python\pabot\Suite3.robot">
<test id="s1-s3-t1" name="Verify static data on web page">
<kw name="Open Browser" library="SeleniumLibrary">
<doc>Opens a new browser instance to the optional ``url``.</doc>
<arguments>
<arg>http://www.fast.com</arg>
<arg>chrome</arg>
</arguments>
<msg timestamp="20200315 13:42:51.704" level="INFO">Opening browser 'chrome' to base url 'http://www.fast.com'.</msg>
<status status="PASS" starttime="20200315 13:42:51.704" endtime="20200315 13:43:03.163"></status>
</kw>
<kw name="Sleep" library="BuiltIn">
<doc>Pauses the test executed for the given time.</doc>
<arguments>
<arg>5</arg>
</arguments>
<msg timestamp="20200315 13:43:08.166" level="INFO">Slept 5 seconds</msg>
<status status="PASS" starttime="20200315 13:43:03.164" endtime="20200315 13:43:08.166"></status>
</kw>
<kw name="Click Element" library="SeleniumLibrary">
<doc>Click the element identified by ``locator``.</doc>
<arguments>
<arg>xpath=//div[3]/div/div/div</arg>
</arguments>
<msg timestamp="20200315 13:43:08.167" level="INFO">Clicking element 'xpath=//div[3]/div/div/div'.</msg>
<kw name="Capture Page Screenshot" library="SeleniumLibrary">
<doc>Takes a screenshot of the current page and embeds it into a log file.</doc>
<msg timestamp="20200315 13:43:28.863" level="INFO" html="yes">&lt;/td&gt;&lt;/tr&gt;&lt;tr&gt;&lt;td colspan="3"&gt;&lt;a href="Suites.Suite3-selenium-screenshot-1.png"&gt;&lt;img src="Suites.Suite3-selenium-screenshot-1.png" width="800px"&gt;&lt;/a&gt;</msg>
<status status="PASS" starttime="20200315 13:43:28.190" endtime="20200315 13:43:28.863"></status>
</kw>
<msg timestamp="20200315 13:43:28.875" level="FAIL">ElementClickInterceptedException: Message: element click intercepted: Element &lt;div class="spinner"&gt;...&lt;/div&gt; is not clickable at point (693, 324). Other element would receive the click: &lt;span class="oc-icon speed-progress-indicator-icon oc-icon-refresh" id="speed-progress-indicator-icon"&gt;...&lt;/span&gt;
  (Session info: chrome=80.0.3987.132)
</msg>
<status status="FAIL" starttime="20200315 13:43:08.167" endtime="20200315 13:43:28.876"></status>
</kw>
<status status="FAIL" starttime="20200315 13:42:51.701" endtime="20200315 13:43:28.876" critical="yes">ElementClickInterceptedException: Message: element click intercepted: Element &lt;div class="spinner"&gt;...&lt;/div&gt; is not clickable at point (693, 324). Other element would receive the click: &lt;span class="oc-icon speed-progress-indicator-icon oc-icon-refresh" id="speed-progress-indicator-icon"&gt;...&lt;/span&gt;
  (Session info: chrome=80.0.3987.132)
</status>
</test>
<status status="FAIL" starttime="20200315 13:42:51.022" endtime="20200315 13:43:28.885"></status>
</suite>
<doc>[https://pabot.org/?ref=log|Pabot] result from 3 executions.</doc>
<status status="FAIL" starttime="20200315 13:42:50.925" endtime="20200315 13:43:39.681"></status>
</suite>
<statistics>
<total>
<stat pass="2" fail="1">Critical Tests</stat>
<stat pass="2" fail="1">All Tests</stat>
</total>
<tag>
</tag>
<suite>
<stat pass="2" fail="1" id="s1" name="Suites">Suites</stat>
<stat pass="1" fail="0" id="s1-s1" name="Suite1">Suites.Suite1</stat>
<stat pass="1" fail="0" id="s1-s2" name="Suite2">Suites.Suite2</stat>
<stat pass="0" fail="1" id="s1-s3" name="Suite3">Suites.Suite3</stat>
</suite>
</statistics>
<errors>
</errors>
</robot>
